1507880700801	geckodriver	INFO	geckodriver 0.19.0
1507880700801	geckodriver	INFO	Listening on 127.0.0.1:58214
1507880702857	mozrunner::runner	INFO	Running command: "C:\\Program Files\\Mozilla Firefox\\firefox.exe" "-marionette" "-profile" "C:\\Users\\DEVELO~1\\AppData\\Local\\Temp\\rust_mozprofile.cRC7WSMuZoa8"
1507880703025	addons.xpi	WARN	Error parsing extensions state: [Exception... "Component returned failure code: 0x80520012 (NS_ERROR_FILE_NOT_FOUND) [amIAddonManagerStartup.readStartupData]"  nsresult: "0x80520012 (NS_ERROR_FILE_NOT_FOUND)"  location: "JS frame :: resource://gre/modules/addons/XPIProvider.jsm :: loadExtensionState :: line 1554"  data: no] Stack trace: loadExtensionState()@resource://gre/modules/addons/XPIProvider.jsm:1554 < getInstallState()@resource://gre/modules/addons/XPIProvider.jsm:1589 < checkForChanges()@resource://gre/modules/addons/XPIProvider.jsm:3109 < startup()@resource://gre/modules/addons/XPIProvider.jsm:2188 < callProvider()@resource://gre/modules/AddonManager.jsm:269 < _startProvider()@resource://gre/modules/AddonManager.jsm:739 < startup()@resource://gre/modules/AddonManager.jsm:906 < startup()@resource://gre/modules/AddonManager.jsm:3090 < observe()@jar:file:///C:/Program%20Files/Mozilla%20Firefox/omni.ja!/components/addonManager.js:65
1507880703328	Marionette	INFO	Enabled via --marionette
Unable to read VR Path Registry from C:\Users\developer\AppData\Local\openvr\openvrpaths.vrpath
[Parent 12828] WARNING: pipe error: 109: file z:/build/build/src/ipc/chromium/src/chrome/common/ipc_channel_win.cc, line 346
Unable to read VR Path Registry from C:\Users\developer\AppData\Local\openvr\openvrpaths.vrpath
[Child 14972] WARNING: pipe error: 109: file z:/build/build/src/ipc/chromium/src/chrome/common/ipc_channel_win.cc, line 346
[Child 14972] WARNING: pipe error: 109: file z:/build/build/src/ipc/chromium/src/chrome/common/ipc_channel_win.cc, line 346
1507880704408	Marionette	INFO	Listening on port 58220
1507880704913	Marionette	WARN	TLS certificate errors will be ignored for this session
1507880704942	Marionette	DEBUG	Register listener.js for window 4294967297
1507880705577	Marionette	DEBUG	Received DOM event "beforeunload" for "about:blank"
1507880705945	Marionette	DEBUG	Received DOM event "pagehide" for "about:blank"
1507880705945	Marionette	DEBUG	Received DOM event "unload" for "about:blank"
Unable to read VR Path Registry from C:\Users\developer\AppData\Local\openvr\openvrpaths.vrpath
JavaScript warning: http://finance.naver.com/js/myfinance/MyFinance.Util.js?, line 200: unreachable code after return statement
1507880706716	Marionette	DEBUG	Received DOM event "DOMContentLoaded" for "http://finance.naver.com/item/board.nhn?code=018260&page=1"
1507880706921	Marionette	DEBUG	Received DOM event "pageshow" for "http://finance.naver.com/item/board.nhn?code=018260&page=1"
1507880712985	Marionette	DEBUG	Received DOM event "beforeunload" for "http://finance.naver.com/item/board.nhn?code=018260&page=1"
1507880713053	Marionette	DEBUG	Received DOM event "pagehide" for "http://finance.naver.com/item/board.nhn?code=018260&page=1"
1507880713057	Marionette	DEBUG	Received DOM event "unload" for "http://finance.naver.com/item/board.nhn?code=018260&page=1"
JavaScript warning: http://finance.naver.com/js/myfinance/MyFinance.Util.js?, line 200: unreachable code after return statement
1507880713292	Marionette	DEBUG	Received DOM event "DOMContentLoaded" for "http://finance.naver.com/item/board.nhn?code=018260&page=2"
1507880713294	Marionette	DEBUG	Received observer notification "outer-window-destroyed" for "4294967301"
1507880713295	Marionette	DEBUG	Received observer notification "outer-window-destroyed" for "4294967302"
1507880713295	Marionette	DEBUG	Received observer notification "outer-window-destroyed" for "4294967303"
1507880713295	Marionette	DEBUG	Received observer notification "outer-window-destroyed" for "4294967304"
1507880713295	Marionette	DEBUG	Received observer notification "outer-window-destroyed" for "4294967305"
1507880713295	Marionette	DEBUG	Received observer notification "outer-window-destroyed" for "4294967306"
1507880713296	Marionette	DEBUG	Received observer notification "outer-window-destroyed" for "4294967307"
1507880713296	Marionette	DEBUG	Received observer notification "outer-window-destroyed" for "4294967315"
1507880713296	Marionette	DEBUG	Received observer notification "outer-window-destroyed" for "4294967316"
1507880713409	Marionette	DEBUG	Received DOM event "pageshow" for "http://finance.naver.com/item/board.nhn?code=018260&page=2"
1507880719496	Marionette	DEBUG	Received DOM event "beforeunload" for "http://finance.naver.com/item/board.nhn?code=018260&page=2"
1507880719561	Marionette	DEBUG	Received DOM event "pagehide" for "http://finance.naver.com/item/board.nhn?code=018260&page=2"
1507880719564	Marionette	DEBUG	Received DOM event "unload" for "http://finance.naver.com/item/board.nhn?code=018260&page=2"
JavaScript warning: http://finance.naver.com/js/myfinance/MyFinance.Util.js?, line 200: unreachable code after return statement
1507880719790	Marionette	DEBUG	Received DOM event "DOMContentLoaded" for "http://finance.naver.com/item/board.nhn?code=018260&page=3"
1507880719799	Marionette	DEBUG	Received observer notification "outer-window-destroyed" for "4294967321"
1507880719799	Marionette	DEBUG	Received observer notification "outer-window-destroyed" for "4294967322"
1507880719799	Marionette	DEBUG	Received observer notification "outer-window-destroyed" for "4294967323"
1507880719800	Marionette	DEBUG	Received observer notification "outer-window-destroyed" for "4294967324"
1507880719800	Marionette	DEBUG	Received observer notification "outer-window-destroyed" for "4294967325"
1507880719800	Marionette	DEBUG	Received observer notification "outer-window-destroyed" for "4294967326"
1507880719800	Marionette	DEBUG	Received observer notification "outer-window-destroyed" for "4294967327"
1507880719801	Marionette	DEBUG	Received observer notification "outer-window-destroyed" for "4294967328"
1507880719801	Marionette	DEBUG	Received observer notification "outer-window-destroyed" for "4294967329"
1507880719908	Marionette	DEBUG	Received DOM event "pageshow" for "http://finance.naver.com/item/board.nhn?code=018260&page=3"
1507880725966	Marionette	DEBUG	Received DOM event "beforeunload" for "http://finance.naver.com/item/board.nhn?code=018260&page=3"
1507880726144	Marionette	DEBUG	Received DOM event "pagehide" for "http://finance.naver.com/item/board.nhn?code=018260&page=3"
1507880726147	Marionette	DEBUG	Received DOM event "unload" for "http://finance.naver.com/item/board.nhn?code=018260&page=3"
JavaScript warning: http://finance.naver.com/js/myfinance/MyFinance.Util.js?, line 200: unreachable code after return statement
1507880726368	Marionette	DEBUG	Received DOM event "DOMContentLoaded" for "http://finance.naver.com/item/board.nhn?code=018260&page=4"
1507880726380	Marionette	DEBUG	Received observer notification "outer-window-destroyed" for "4294967340"
1507880726380	Marionette	DEBUG	Received observer notification "outer-window-destroyed" for "4294967341"
1507880726380	Marionette	DEBUG	Received observer notification "outer-window-destroyed" for "4294967342"
1507880726380	Marionette	DEBUG	Received observer notification "outer-window-destroyed" for "4294967343"
1507880726380	Marionette	DEBUG	Received observer notification "outer-window-destroyed" for "4294967344"
1507880726381	Marionette	DEBUG	Received observer notification "outer-window-destroyed" for "4294967345"
1507880726381	Marionette	DEBUG	Received observer notification "outer-window-destroyed" for "4294967346"
1507880726381	Marionette	DEBUG	Received observer notification "outer-window-destroyed" for "4294967347"
1507880726381	Marionette	DEBUG	Received observer notification "outer-window-destroyed" for "4294967348"
1507880726481	Marionette	DEBUG	Received DOM event "pageshow" for "http://finance.naver.com/item/board.nhn?code=018260&page=4"
1507880732569	Marionette	DEBUG	Received DOM event "beforeunload" for "http://finance.naver.com/item/board.nhn?code=018260&page=4"
1507880732636	Marionette	DEBUG	Received DOM event "pagehide" for "http://finance.naver.com/item/board.nhn?code=018260&page=4"
1507880732638	Marionette	DEBUG	Received DOM event "unload" for "http://finance.naver.com/item/board.nhn?code=018260&page=4"
JavaScript warning: http://finance.naver.com/js/myfinance/MyFinance.Util.js?, line 200: unreachable code after return statement
1507880732854	Marionette	DEBUG	Received DOM event "DOMContentLoaded" for "http://finance.naver.com/item/board.nhn?code=018260&page=5"
1507880732876	Marionette	DEBUG	Received observer notification "outer-window-destroyed" for "4294967359"
1507880732876	Marionette	DEBUG	Received observer notification "outer-window-destroyed" for "4294967360"
1507880732876	Marionette	DEBUG	Received observer notification "outer-window-destroyed" for "4294967361"
1507880732876	Marionette	DEBUG	Received observer notification "outer-window-destroyed" for "4294967362"
1507880732877	Marionette	DEBUG	Received observer notification "outer-window-destroyed" for "4294967363"
1507880732877	Marionette	DEBUG	Received observer notification "outer-window-destroyed" for "4294967364"
1507880732877	Marionette	DEBUG	Received observer notification "outer-window-destroyed" for "4294967365"
1507880732877	Marionette	DEBUG	Received observer notification "outer-window-destroyed" for "4294967366"
1507880732877	Marionette	DEBUG	Received observer notification "outer-window-destroyed" for "4294967367"
1507880733047	Marionette	DEBUG	Received DOM event "pageshow" for "http://finance.naver.com/item/board.nhn?code=018260&page=5"
1507880739111	Marionette	DEBUG	Received DOM event "beforeunload" for "http://finance.naver.com/item/board.nhn?code=018260&page=5"
1507880739185	Marionette	DEBUG	Received DOM event "pagehide" for "http://finance.naver.com/item/board.nhn?code=018260&page=5"
1507880739187	Marionette	DEBUG	Received DOM event "unload" for "http://finance.naver.com/item/board.nhn?code=018260&page=5"
JavaScript warning: http://finance.naver.com/js/myfinance/MyFinance.Util.js?, line 200: unreachable code after return statement
1507880739404	Marionette	DEBUG	Received DOM event "DOMContentLoaded" for "http://finance.naver.com/item/board.nhn?code=018260&page=6"
1507880739407	Marionette	DEBUG	Received observer notification "outer-window-destroyed" for "4294967378"
1507880739408	Marionette	DEBUG	Received observer notification "outer-window-destroyed" for "4294967379"
1507880739408	Marionette	DEBUG	Received observer notification "outer-window-destroyed" for "4294967380"
1507880739408	Marionette	DEBUG	Received observer notification "outer-window-destroyed" for "4294967381"
1507880739408	Marionette	DEBUG	Received observer notification "outer-window-destroyed" for "4294967382"
1507880739408	Marionette	DEBUG	Received observer notification "outer-window-destroyed" for "4294967383"
1507880739408	Marionette	DEBUG	Received observer notification "outer-window-destroyed" for "4294967384"
1507880739408	Marionette	DEBUG	Received observer notification "outer-window-destroyed" for "4294967385"
1507880739408	Marionette	DEBUG	Received observer notification "outer-window-destroyed" for "4294967386"
1507880739537	Marionette	DEBUG	Received DOM event "pageshow" for "http://finance.naver.com/item/board.nhn?code=018260&page=6"
1507880745591	Marionette	DEBUG	Received DOM event "beforeunload" for "http://finance.naver.com/item/board.nhn?code=018260&page=6"
1507880745798	Marionette	DEBUG	Received DOM event "pagehide" for "http://finance.naver.com/item/board.nhn?code=018260&page=6"
1507880745801	Marionette	DEBUG	Received DOM event "unload" for "http://finance.naver.com/item/board.nhn?code=018260&page=6"
JavaScript warning: http://finance.naver.com/js/myfinance/MyFinance.Util.js?, line 200: unreachable code after return statement
1507880746022	Marionette	DEBUG	Received DOM event "DOMContentLoaded" for "http://finance.naver.com/item/board.nhn?code=018260&page=7"
1507880746036	Marionette	DEBUG	Received observer notification "outer-window-destroyed" for "4294967397"
1507880746036	Marionette	DEBUG	Received observer notification "outer-window-destroyed" for "4294967398"
1507880746036	Marionette	DEBUG	Received observer notification "outer-window-destroyed" for "4294967399"
1507880746036	Marionette	DEBUG	Received observer notification "outer-window-destroyed" for "4294967400"
1507880746036	Marionette	DEBUG	Received observer notification "outer-window-destroyed" for "4294967401"
1507880746037	Marionette	DEBUG	Received observer notification "outer-window-destroyed" for "4294967402"
1507880746037	Marionette	DEBUG	Received observer notification "outer-window-destroyed" for "4294967403"
1507880746037	Marionette	DEBUG	Received observer notification "outer-window-destroyed" for "4294967404"
1507880746037	Marionette	DEBUG	Received observer notification "outer-window-destroyed" for "4294967405"
1507880746145	Marionette	DEBUG	Received DOM event "pageshow" for "http://finance.naver.com/item/board.nhn?code=018260&page=7"
1507880752191	Marionette	DEBUG	Received DOM event "beforeunload" for "http://finance.naver.com/item/board.nhn?code=018260&page=7"
1507880752264	Marionette	DEBUG	Received DOM event "pagehide" for "http://finance.naver.com/item/board.nhn?code=018260&page=7"
1507880752266	Marionette	DEBUG	Received DOM event "unload" for "http://finance.naver.com/item/board.nhn?code=018260&page=7"
JavaScript warning: http://finance.naver.com/js/myfinance/MyFinance.Util.js?, line 200: unreachable code after return statement
1507880752486	Marionette	DEBUG	Received DOM event "DOMContentLoaded" for "http://finance.naver.com/item/board.nhn?code=018260&page=8"
1507880752494	Marionette	DEBUG	Received observer notification "outer-window-destroyed" for "4294967416"
1507880752494	Marionette	DEBUG	Received observer notification "outer-window-destroyed" for "4294967417"
1507880752495	Marionette	DEBUG	Received observer notification "outer-window-destroyed" for "4294967418"
1507880752495	Marionette	DEBUG	Received observer notification "outer-window-destroyed" for "4294967419"
1507880752495	Marionette	DEBUG	Received observer notification "outer-window-destroyed" for "4294967420"
1507880752495	Marionette	DEBUG	Received observer notification "outer-window-destroyed" for "4294967421"
1507880752495	Marionette	DEBUG	Received observer notification "outer-window-destroyed" for "4294967422"
1507880752495	Marionette	DEBUG	Received observer notification "outer-window-destroyed" for "4294967423"
1507880752495	Marionette	DEBUG	Received observer notification "outer-window-destroyed" for "4294967424"
1507880752618	Marionette	DEBUG	Received DOM event "pageshow" for "http://finance.naver.com/item/board.nhn?code=018260&page=8"
1507880758668	Marionette	DEBUG	Received DOM event "beforeunload" for "http://finance.naver.com/item/board.nhn?code=018260&page=8"
1507880758734	Marionette	DEBUG	Received DOM event "pagehide" for "http://finance.naver.com/item/board.nhn?code=018260&page=8"
1507880758738	Marionette	DEBUG	Received DOM event "unload" for "http://finance.naver.com/item/board.nhn?code=018260&page=8"
JavaScript warning: http://finance.naver.com/js/myfinance/MyFinance.Util.js?, line 200: unreachable code after return statement
1507880758960	Marionette	DEBUG	Received DOM event "DOMContentLoaded" for "http://finance.naver.com/item/board.nhn?code=018260&page=9"
1507880758968	Marionette	DEBUG	Received observer notification "outer-window-destroyed" for "4294967435"
1507880758968	Marionette	DEBUG	Received observer notification "outer-window-destroyed" for "4294967436"
1507880758969	Marionette	DEBUG	Received observer notification "outer-window-destroyed" for "4294967437"
1507880758969	Marionette	DEBUG	Received observer notification "outer-window-destroyed" for "4294967438"
1507880758969	Marionette	DEBUG	Received observer notification "outer-window-destroyed" for "4294967439"
1507880758969	Marionette	DEBUG	Received observer notification "outer-window-destroyed" for "4294967440"
1507880758969	Marionette	DEBUG	Received observer notification "outer-window-destroyed" for "4294967441"
1507880758969	Marionette	DEBUG	Received observer notification "outer-window-destroyed" for "4294967442"
1507880758969	Marionette	DEBUG	Received observer notification "outer-window-destroyed" for "4294967443"
1507880759071	Marionette	DEBUG	Received DOM event "pageshow" for "http://finance.naver.com/item/board.nhn?code=018260&page=9"
1507880765140	Marionette	DEBUG	Received DOM event "beforeunload" for "http://finance.naver.com/item/board.nhn?code=018260&page=9"
1507880765297	Marionette	DEBUG	Received DOM event "pagehide" for "http://finance.naver.com/item/board.nhn?code=018260&page=9"
1507880765300	Marionette	DEBUG	Received DOM event "unload" for "http://finance.naver.com/item/board.nhn?code=018260&page=9"
JavaScript warning: http://finance.naver.com/js/myfinance/MyFinance.Util.js?, line 200: unreachable code after return statement
1507880765513	Marionette	DEBUG	Received DOM event "DOMContentLoaded" for "http://finance.naver.com/item/board.nhn?code=018260&page=10"
1507880765524	Marionette	DEBUG	Received observer notification "outer-window-destroyed" for "4294967454"
1507880765524	Marionette	DEBUG	Received observer notification "outer-window-destroyed" for "4294967455"
1507880765524	Marionette	DEBUG	Received observer notification "outer-window-destroyed" for "4294967456"
1507880765525	Marionette	DEBUG	Received observer notification "outer-window-destroyed" for "4294967457"
1507880765525	Marionette	DEBUG	Received observer notification "outer-window-destroyed" for "4294967458"
1507880765525	Marionette	DEBUG	Received observer notification "outer-window-destroyed" for "4294967459"
1507880765525	Marionette	DEBUG	Received observer notification "outer-window-destroyed" for "4294967460"
1507880765525	Marionette	DEBUG	Received observer notification "outer-window-destroyed" for "4294967461"
1507880765525	Marionette	DEBUG	Received observer notification "outer-window-destroyed" for "4294967462"
1507880765638	Marionette	DEBUG	Received DOM event "pageshow" for "http://finance.naver.com/item/board.nhn?code=018260&page=10"
1507880771691	Marionette	DEBUG	Received DOM event "beforeunload" for "http://finance.naver.com/item/board.nhn?code=018260&page=10"
1507880771751	Marionette	DEBUG	Received DOM event "pagehide" for "http://finance.naver.com/item/board.nhn?code=018260&page=10"
1507880771754	Marionette	DEBUG	Received DOM event "unload" for "http://finance.naver.com/item/board.nhn?code=018260&page=10"
JavaScript warning: http://finance.naver.com/js/myfinance/MyFinance.Util.js?, line 200: unreachable code after return statement
1507880771980	Marionette	DEBUG	Received DOM event "DOMContentLoaded" for "http://finance.naver.com/item/board.nhn?code=018260&page=11"
1507880771992	Marionette	DEBUG	Received observer notification "outer-window-destroyed" for "4294967473"
1507880771992	Marionette	DEBUG	Received observer notification "outer-window-destroyed" for "4294967474"
1507880771992	Marionette	DEBUG	Received observer notification "outer-window-destroyed" for "4294967475"
1507880771993	Marionette	DEBUG	Received observer notification "outer-window-destroyed" for "4294967476"
1507880771993	Marionette	DEBUG	Received observer notification "outer-window-destroyed" for "4294967477"
1507880771993	Marionette	DEBUG	Received observer notification "outer-window-destroyed" for "4294967478"
1507880771993	Marionette	DEBUG	Received observer notification "outer-window-destroyed" for "4294967479"
1507880771993	Marionette	DEBUG	Received observer notification "outer-window-destroyed" for "4294967480"
1507880771993	Marionette	DEBUG	Received observer notification "outer-window-destroyed" for "4294967481"
1507880772099	Marionette	DEBUG	Received DOM event "pageshow" for "http://finance.naver.com/item/board.nhn?code=018260&page=11"
1507880778155	Marionette	DEBUG	Received DOM event "beforeunload" for "http://finance.naver.com/item/board.nhn?code=018260&page=11"
1507880778218	Marionette	DEBUG	Received DOM event "pagehide" for "http://finance.naver.com/item/board.nhn?code=018260&page=11"
1507880778222	Marionette	DEBUG	Received DOM event "unload" for "http://finance.naver.com/item/board.nhn?code=018260&page=11"
JavaScript warning: http://finance.naver.com/js/myfinance/MyFinance.Util.js?, line 200: unreachable code after return statement
1507880778453	Marionette	DEBUG	Received DOM event "DOMContentLoaded" for "http://finance.naver.com/item/board.nhn?code=018260&page=12"
1507880778463	Marionette	DEBUG	Received observer notification "outer-window-destroyed" for "4294967492"
1507880778463	Marionette	DEBUG	Received observer notification "outer-window-destroyed" for "4294967493"
1507880778464	Marionette	DEBUG	Received observer notification "outer-window-destroyed" for "4294967494"
1507880778464	Marionette	DEBUG	Received observer notification "outer-window-destroyed" for "4294967495"
1507880778464	Marionette	DEBUG	Received observer notification "outer-window-destroyed" for "4294967496"
1507880778464	Marionette	DEBUG	Received observer notification "outer-window-destroyed" for "4294967497"
1507880778465	Marionette	DEBUG	Received observer notification "outer-window-destroyed" for "4294967498"
1507880778465	Marionette	DEBUG	Received observer notification "outer-window-destroyed" for "4294967499"
1507880778465	Marionette	DEBUG	Received observer notification "outer-window-destroyed" for "4294967500"
1507880778569	Marionette	DEBUG	Received DOM event "pageshow" for "http://finance.naver.com/item/board.nhn?code=018260&page=12"
1507880784631	Marionette	DEBUG	Received DOM event "beforeunload" for "http://finance.naver.com/item/board.nhn?code=018260&page=12"
1507880784774	Marionette	DEBUG	Received DOM event "pagehide" for "http://finance.naver.com/item/board.nhn?code=018260&page=12"
1507880784777	Marionette	DEBUG	Received DOM event "unload" for "http://finance.naver.com/item/board.nhn?code=018260&page=12"
JavaScript warning: http://finance.naver.com/js/myfinance/MyFinance.Util.js?, line 200: unreachable code after return statement
1507880784993	Marionette	DEBUG	Received DOM event "DOMContentLoaded" for "http://finance.naver.com/item/board.nhn?code=018260&page=13"
1507880785006	Marionette	DEBUG	Received observer notification "outer-window-destroyed" for "4294967511"
1507880785006	Marionette	DEBUG	Received observer notification "outer-window-destroyed" for "4294967512"
1507880785006	Marionette	DEBUG	Received observer notification "outer-window-destroyed" for "4294967513"
1507880785006	Marionette	DEBUG	Received observer notification "outer-window-destroyed" for "4294967514"
1507880785007	Marionette	DEBUG	Received observer notification "outer-window-destroyed" for "4294967515"
1507880785007	Marionette	DEBUG	Received observer notification "outer-window-destroyed" for "4294967516"
1507880785007	Marionette	DEBUG	Received observer notification "outer-window-destroyed" for "4294967517"
1507880785007	Marionette	DEBUG	Received observer notification "outer-window-destroyed" for "4294967518"
1507880785007	Marionette	DEBUG	Received observer notification "outer-window-destroyed" for "4294967519"
1507880785120	Marionette	DEBUG	Received DOM event "pageshow" for "http://finance.naver.com/item/board.nhn?code=018260&page=13"
1507880791209	Marionette	DEBUG	Received DOM event "beforeunload" for "http://finance.naver.com/item/board.nhn?code=018260&page=13"
1507880791280	Marionette	DEBUG	Received DOM event "pagehide" for "http://finance.naver.com/item/board.nhn?code=018260&page=13"
1507880791284	Marionette	DEBUG	Received DOM event "unload" for "http://finance.naver.com/item/board.nhn?code=018260&page=13"
JavaScript warning: http://finance.naver.com/js/myfinance/MyFinance.Util.js?, line 200: unreachable code after return statement
1507880791510	Marionette	DEBUG	Received DOM event "DOMContentLoaded" for "http://finance.naver.com/item/board.nhn?code=018260&page=14"
1507880791524	Marionette	DEBUG	Received observer notification "outer-window-destroyed" for "4294967530"
1507880791524	Marionette	DEBUG	Received observer notification "outer-window-destroyed" for "4294967531"
1507880791524	Marionette	DEBUG	Received observer notification "outer-window-destroyed" for "4294967532"
1507880791524	Marionette	DEBUG	Received observer notification "outer-window-destroyed" for "4294967533"
1507880791525	Marionette	DEBUG	Received observer notification "outer-window-destroyed" for "4294967534"
1507880791525	Marionette	DEBUG	Received observer notification "outer-window-destroyed" for "4294967535"
1507880791525	Marionette	DEBUG	Received observer notification "outer-window-destroyed" for "4294967536"
1507880791525	Marionette	DEBUG	Received observer notification "outer-window-destroyed" for "4294967537"
1507880791525	Marionette	DEBUG	Received observer notification "outer-window-destroyed" for "4294967538"
1507880791660	Marionette	DEBUG	Received DOM event "pageshow" for "http://finance.naver.com/item/board.nhn?code=018260&page=14"
1507880797730	Marionette	DEBUG	Received DOM event "beforeunload" for "http://finance.naver.com/item/board.nhn?code=018260&page=14"
1507880797814	Marionette	DEBUG	Received DOM event "pagehide" for "http://finance.naver.com/item/board.nhn?code=018260&page=14"
1507880797817	Marionette	DEBUG	Received DOM event "unload" for "http://finance.naver.com/item/board.nhn?code=018260&page=14"
JavaScript warning: http://finance.naver.com/js/myfinance/MyFinance.Util.js?, line 200: unreachable code after return statement
1507880798036	Marionette	DEBUG	Received DOM event "DOMContentLoaded" for "http://finance.naver.com/item/board.nhn?code=018260&page=15"
1507880798045	Marionette	DEBUG	Received observer notification "outer-window-destroyed" for "4294967550"
1507880798045	Marionette	DEBUG	Received observer notification "outer-window-destroyed" for "4294967551"
1507880798045	Marionette	DEBUG	Received observer notification "outer-window-destroyed" for "4294967552"
1507880798045	Marionette	DEBUG	Received observer notification "outer-window-destroyed" for "4294967553"
1507880798045	Marionette	DEBUG	Received observer notification "outer-window-destroyed" for "4294967554"
1507880798045	Marionette	DEBUG	Received observer notification "outer-window-destroyed" for "4294967555"
1507880798046	Marionette	DEBUG	Received observer notification "outer-window-destroyed" for "4294967556"
1507880798046	Marionette	DEBUG	Received observer notification "outer-window-destroyed" for "4294967557"
1507880798046	Marionette	DEBUG	Received observer notification "outer-window-destroyed" for "4294967558"
1507880798163	Marionette	DEBUG	Received DOM event "pageshow" for "http://finance.naver.com/item/board.nhn?code=018260&page=15"
1507880804223	Marionette	DEBUG	Received DOM event "beforeunload" for "http://finance.naver.com/item/board.nhn?code=018260&page=15"
1507880804421	Marionette	DEBUG	Received DOM event "pagehide" for "http://finance.naver.com/item/board.nhn?code=018260&page=15"
1507880804424	Marionette	DEBUG	Received DOM event "unload" for "http://finance.naver.com/item/board.nhn?code=018260&page=15"
JavaScript warning: http://finance.naver.com/js/myfinance/MyFinance.Util.js?, line 200: unreachable code after return statement
1507880804637	Marionette	DEBUG	Received DOM event "DOMContentLoaded" for "http://finance.naver.com/item/board.nhn?code=018260&page=16"
1507880804661	Marionette	DEBUG	Received observer notification "outer-window-destroyed" for "4294967569"
1507880804661	Marionette	DEBUG	Received observer notification "outer-window-destroyed" for "4294967570"
1507880804661	Marionette	DEBUG	Received observer notification "outer-window-destroyed" for "4294967571"
1507880804661	Marionette	DEBUG	Received observer notification "outer-window-destroyed" for "4294967572"
1507880804661	Marionette	DEBUG	Received observer notification "outer-window-destroyed" for "4294967573"
1507880804661	Marionette	DEBUG	Received observer notification "outer-window-destroyed" for "4294967574"
1507880804661	Marionette	DEBUG	Received observer notification "outer-window-destroyed" for "4294967575"
1507880804661	Marionette	DEBUG	Received observer notification "outer-window-destroyed" for "4294967576"
1507880804662	Marionette	DEBUG	Received observer notification "outer-window-destroyed" for "4294967577"
1507880804867	Marionette	DEBUG	Received DOM event "pageshow" for "http://finance.naver.com/item/board.nhn?code=018260&page=16"
1507880810955	Marionette	DEBUG	Received DOM event "beforeunload" for "http://finance.naver.com/item/board.nhn?code=018260&page=16"
1507880811019	Marionette	DEBUG	Received DOM event "pagehide" for "http://finance.naver.com/item/board.nhn?code=018260&page=16"
1507880811022	Marionette	DEBUG	Received DOM event "unload" for "http://finance.naver.com/item/board.nhn?code=018260&page=16"
JavaScript warning: http://finance.naver.com/js/myfinance/MyFinance.Util.js?, line 200: unreachable code after return statement
1507880811256	Marionette	DEBUG	Received DOM event "DOMContentLoaded" for "http://finance.naver.com/item/board.nhn?code=018260&page=17"
1507880811265	Marionette	DEBUG	Received observer notification "outer-window-destroyed" for "4294967588"
1507880811265	Marionette	DEBUG	Received observer notification "outer-window-destroyed" for "4294967589"
1507880811265	Marionette	DEBUG	Received observer notification "outer-window-destroyed" for "4294967590"
1507880811265	Marionette	DEBUG	Received observer notification "outer-window-destroyed" for "4294967591"
1507880811265	Marionette	DEBUG	Received observer notification "outer-window-destroyed" for "4294967592"
1507880811265	Marionette	DEBUG	Received observer notification "outer-window-destroyed" for "4294967593"
1507880811265	Marionette	DEBUG	Received observer notification "outer-window-destroyed" for "4294967594"
1507880811266	Marionette	DEBUG	Received observer notification "outer-window-destroyed" for "4294967595"
1507880811266	Marionette	DEBUG	Received observer notification "outer-window-destroyed" for "4294967596"
1507880811395	Marionette	DEBUG	Received DOM event "pageshow" for "http://finance.naver.com/item/board.nhn?code=018260&page=17"
1507880817469	Marionette	DEBUG	Received DOM event "beforeunload" for "http://finance.naver.com/item/board.nhn?code=018260&page=17"
1507880817554	Marionette	DEBUG	Received DOM event "pagehide" for "http://finance.naver.com/item/board.nhn?code=018260&page=17"
1507880817556	Marionette	DEBUG	Received DOM event "unload" for "http://finance.naver.com/item/board.nhn?code=018260&page=17"
JavaScript warning: http://finance.naver.com/js/myfinance/MyFinance.Util.js?, line 200: unreachable code after return statement
1507880817778	Marionette	DEBUG	Received DOM event "DOMContentLoaded" for "http://finance.naver.com/item/board.nhn?code=018260&page=18"
1507880817785	Marionette	DEBUG	Received observer notification "outer-window-destroyed" for "4294967608"
1507880817785	Marionette	DEBUG	Received observer notification "outer-window-destroyed" for "4294967609"
1507880817785	Marionette	DEBUG	Received observer notification "outer-window-destroyed" for "4294967610"
1507880817785	Marionette	DEBUG	Received observer notification "outer-window-destroyed" for "4294967611"
1507880817786	Marionette	DEBUG	Received observer notification "outer-window-destroyed" for "4294967612"
1507880817786	Marionette	DEBUG	Received observer notification "outer-window-destroyed" for "4294967613"
1507880817786	Marionette	DEBUG	Received observer notification "outer-window-destroyed" for "4294967614"
1507880817786	Marionette	DEBUG	Received observer notification "outer-window-destroyed" for "4294967615"
1507880817786	Marionette	DEBUG	Received observer notification "outer-window-destroyed" for "4294967616"
1507880817888	Marionette	DEBUG	Received DOM event "pageshow" for "http://finance.naver.com/item/board.nhn?code=018260&page=18"
1507880823966	Marionette	DEBUG	Received DOM event "beforeunload" for "http://finance.naver.com/item/board.nhn?code=018260&page=18"
1507880824473	Marionette	DEBUG	Received DOM event "pagehide" for "http://finance.naver.com/item/board.nhn?code=018260&page=18"
1507880824476	Marionette	DEBUG	Received DOM event "unload" for "http://finance.naver.com/item/board.nhn?code=018260&page=18"
JavaScript warning: http://finance.naver.com/js/myfinance/MyFinance.Util.js?, line 200: unreachable code after return statement
1507880824680	Marionette	DEBUG	Received DOM event "DOMContentLoaded" for "http://finance.naver.com/item/board.nhn?code=018260&page=19"
1507880824702	Marionette	DEBUG	Received observer notification "outer-window-destroyed" for "4294967627"
1507880824702	Marionette	DEBUG	Received observer notification "outer-window-destroyed" for "4294967628"
1507880824702	Marionette	DEBUG	Received observer notification "outer-window-destroyed" for "4294967629"
1507880824702	Marionette	DEBUG	Received observer notification "outer-window-destroyed" for "4294967630"
1507880824703	Marionette	DEBUG	Received observer notification "outer-window-destroyed" for "4294967631"
1507880824703	Marionette	DEBUG	Received observer notification "outer-window-destroyed" for "4294967632"
1507880824703	Marionette	DEBUG	Received observer notification "outer-window-destroyed" for "4294967633"
1507880824703	Marionette	DEBUG	Received observer notification "outer-window-destroyed" for "4294967634"
1507880824703	Marionette	DEBUG	Received observer notification "outer-window-destroyed" for "4294967635"
1507880824747	Marionette	DEBUG	Received DOM event "pageshow" for "http://finance.naver.com/item/board.nhn?code=018260&page=19"
